2025-01-09 18:51:22,123 - INFO - ______________________________________________________________________________________________________________________________________________________
1.Read and Analyze Data

2025-01-09 18:51:22,123 - INFO - Reading members.parquet

2025-01-09 18:51:22,123 - INFO - ______________________________________________________________________________________________________________________________________________________
Reading file: c:\Users\Lucas\OneDrive\case data master\data\raw\members.parquet

2025-01-09 18:51:22,181 - INFO - Time spent on Reading c:\Users\Lucas\OneDrive\case data master\data\raw\members.parquet: 0.06 seconds

2025-01-09 18:51:22,187 - INFO - The column 'msno' is already the type 'string'.

2025-01-09 18:51:22,187 - INFO - The column 'safra' is already the type 'string'.

2025-01-09 18:51:22,188 - INFO - Converting column 'registration_init_time' from type string to 'datetime64[ns]'.

2025-01-09 18:51:22,202 - INFO - Column 'registration_init_time' successfully converted to type 'datetime64[ns]'.

2025-01-09 18:51:22,202 - INFO - The column 'city' is already the type 'string'.

2025-01-09 18:51:22,203 - INFO - Converting column 'bd' from type string to 'int16'.

2025-01-09 18:51:30,043 - WARNING - Column 'bd' contains non-positive values. Replacing with NaN.

2025-01-09 18:51:30,059 - INFO - Column 'bd' successfully converted to type 'int16'.

2025-01-09 18:51:30,059 - INFO - Converting column 'gender' from type string to 'float16'.

2025-01-09 18:51:31,266 - INFO - Unique genders found in column 'gender': 0      <NA>
1      male
0    female
Name: gender, dtype: string

2025-01-09 18:51:31,266 - ERROR - Error converting column 'gender' to type 'float16': No matching signature found

2025-01-09 18:51:31,266 - INFO - The column 'registered_via' is already the type 'string'.

2025-01-09 18:51:31,270 - INFO - Converting column 'is_ativo' from type int32 to 'int16'.

2025-01-09 18:51:33,396 - INFO - Column 'is_ativo' successfully converted to type 'int16'.

2025-01-09 18:51:33,491 - INFO - --- Analyzing members.parquet DataFrame ---

2025-01-09 18:51:33,492 - INFO - Displaying first 10 rows of the DataFrame:

2025-01-09 18:51:34,844 - INFO - +----+----------------------------------------------+---------+--------------------------+--------+------+----------+------------------+------------+
|    | msno                                         |   safra | registration_init_time   |   city |   bd |   gender |   registered_via |   is_ativo |
+====+==============================================+=========+==========================+========+======+==========+==================+============+
|  0 | +++snpr7pmobhLKUgSHTv/mpkqgBT0tQJ0zQj6qKrqc= |  201612 | 2014-09-27 00:00:00      |      1 |  nan |      nan |                7 |          1 |
+----+----------------------------------------------+---------+--------------------------+--------+------+----------+------------------+------------+
|  1 | ++/AwGzubug3gT6J+0STBGMdWKxaM+UFZTI8Tcmq4To= |  201607 | 2015-03-22 00:00:00      |      1 |  nan |      nan |                9 |          0 |
+----+----------------------------------------------+---------+--------------------------+--------+------+----------+------------------+------------+
|  2 | ++/Gw1B9K+XOlB3hLTloeUK2QlCa2m+BJ8TrzGf7djI= |  201601 | 2012-12-17 00:00:00      |     15 |   32 |        1 |                3 |          1 |
+----+----------------------------------------------+---------+--------------------------+--------+------+----------+------------------+------------+
|  3 | ++02XbtviomSxcIBUHMOiJkjRxdicTXSfiVqLdsr5lo= |  201603 | 2013-11-12 00:00:00      |     14 |   21 |        1 |                7 |          0 |
+----+----------------------------------------------+---------+--------------------------+--------+------+----------+------------------+------------+
|  4 | ++0O0Bq04sB/9ZcOS+pajpYL2Hin9jCqnc/8bKzKFuE= |  201610 | 2014-10-21 00:00:00      |      5 |   33 |        1 |                3 |          0 |
+----+----------------------------------------------+---------+--------------------------+--------+------+----------+------------------+------------+
|  5 | ++2AQgVgYUAqJDw684tbDqDffUeKhqydyQmbr8lz9lQ= |  201608 | 2015-04-16 00:00:00      |     18 |   23 |        1 |                3 |          0 |
+----+----------------------------------------------+---------+--------------------------+--------+------+----------+------------------+------------+
|  6 | ++2gRJ7i2MbO6qUG6rGfFnu/Fcv+hdX4YvTkZD+PUsk= |  201608 | 2014-06-16 00:00:00      |     11 |   33 |        1 |                7 |          0 |
+----+----------------------------------------------+---------+--------------------------+--------+------+----------+------------------+------------+
|  7 | ++3brN43Yd6GURegTBR85oMQcJrgW1+/N4B8Rjj75fY= |  201604 | 2010-05-12 00:00:00      |     14 |   19 |        1 |                9 |          0 |
+----+----------------------------------------------+---------+--------------------------+--------+------+----------+------------------+------------+
|  8 | ++4FwgRp7pHuuQWpaUFrCTgJbXVwNTTQpLB2bM1A3lU= |  201605 | 2014-10-10 00:00:00      |      1 |  nan |      nan |                9 |          0 |
+----+----------------------------------------------+---------+--------------------------+--------+------+----------+------------------+------------+
|  9 | ++4KsBMCDgIrwmv5w2g2cCXhzCsJwDyB5r96/FrwGek= |  201604 | 2014-10-31 00:00:00      |      1 |  nan |      nan |                9 |          0 |
+----+----------------------------------------------+---------+--------------------------+--------+------+----------+------------------+------------+

2025-01-09 18:51:34,844 - INFO - Data types of columns in members.parquet:

2025-01-09 18:51:34,844 - INFO - msno                      string[pyarrow]
safra                     string[pyarrow]
registration_init_time     datetime64[ns]
city                      string[pyarrow]
bd                                  int16
gender                            float16
registered_via            string[pyarrow]
is_ativo                            int16
dtype: object

2025-01-09 18:51:34,851 - INFO - Summary statistics for numeric columns: ['bd', 'gender', 'is_ativo']

2025-01-09 18:52:26,876 - INFO - +-------+----------------+-------------+-------------+
|       |             bd |      gender |    is_ativo |
+=======+================+=============+=============+
| count |    2.43543e+07 | 2.56571e+07 | 6.38672e+07 |
+-------+----------------+-------------+-------------+
| mean  |   30.0185      | 0.509623    | 0.176035    |
+-------+----------------+-------------+-------------+
| std   |   16.135       | 0.499907    | 0.38085     |
+-------+----------------+-------------+-------------+
| min   |    1           | 0           | 0           |
+-------+----------------+-------------+-------------+
| 25%   |   22           | 0           | 0           |
+-------+----------------+-------------+-------------+
| 50%   |   27           | 1           | 0           |
+-------+----------------+-------------+-------------+
| 75%   |   36           | 1           | 0           |
+-------+----------------+-------------+-------------+
| max   | 2016           | 1           | 1           |
+-------+----------------+-------------+-------------+

2025-01-09 18:52:26,876 - INFO - Missing values and their proportions per column:

2025-01-09 18:54:37,208 - INFO - +------------------------+-----------------+--------------------------+
|                        |   Missing Count |   Missing Percentage (%) |
+========================+=================+==========================+
| msno                   |     0           |                   0      |
+------------------------+-----------------+--------------------------+
| safra                  |     0           |                   0      |
+------------------------+-----------------+--------------------------+
| registration_init_time |     0           |                   0      |
+------------------------+-----------------+--------------------------+
| city                   |     0           |                   0      |
+------------------------+-----------------+--------------------------+
| bd                     |     3.95129e+07 |                  61.8673 |
+------------------------+-----------------+--------------------------+
| gender                 |     3.82102e+07 |                  59.8275 |
+------------------------+-----------------+--------------------------+
| registered_via         |     0           |                   0      |
+------------------------+-----------------+--------------------------+
| is_ativo               |     0           |                   0      |
+------------------------+-----------------+--------------------------+

2025-01-09 18:54:37,233 - INFO - Reading transactions.parquet

2025-01-09 18:54:37,236 - INFO - ______________________________________________________________________________________________________________________________________________________
Reading file: c:\Users\Lucas\OneDrive\case data master\data\raw\transactions.parquet

2025-01-09 18:54:37,474 - INFO - Time spent on Reading c:\Users\Lucas\OneDrive\case data master\data\raw\transactions.parquet: 0.24 seconds

2025-01-09 18:54:37,476 - INFO - The column 'msno' is already the type 'string'.

2025-01-09 18:54:37,476 - INFO - The column 'payment_method_id' is already the type 'string'.

2025-01-09 18:54:37,477 - INFO - Converting column 'payment_plan_days' from type string to 'int16'.

2025-01-09 18:54:40,669 - INFO - Column 'payment_plan_days' successfully converted to type 'int16'.

2025-01-09 18:54:40,669 - INFO - Converting column 'plan_list_price' from type string to 'int16'.

2025-01-09 18:54:43,886 - INFO - Column 'plan_list_price' successfully converted to type 'int16'.

2025-01-09 18:54:43,886 - INFO - Converting column 'actual_amount_paid' from type string to 'int16'.

2025-01-09 18:54:46,941 - INFO - Column 'actual_amount_paid' successfully converted to type 'int16'.

2025-01-09 18:54:46,941 - INFO - Converting column 'is_auto_renew' from type string to 'int16'.

2025-01-09 18:54:49,078 - INFO - Column 'is_auto_renew' successfully converted to type 'int16'.

2025-01-09 18:54:49,078 - INFO - Converting column 'transaction_date' from type string to 'datetime64[ns]'.

2025-01-09 18:54:49,109 - INFO - Column 'transaction_date' successfully converted to type 'datetime64[ns]'.

2025-01-09 18:54:49,109 - INFO - Converting column 'membership_expire_date' from type string to 'datetime64[ns]'.

2025-01-09 18:54:49,111 - INFO - Column 'membership_expire_date' successfully converted to type 'datetime64[ns]'.

2025-01-09 18:54:49,112 - INFO - Converting column 'is_cancel' from type string to 'int16'.

2025-01-09 18:54:51,378 - INFO - Column 'is_cancel' successfully converted to type 'int16'.

2025-01-09 18:54:51,379 - INFO - Converting column 'safra' from type int32 to 'string'.

2025-01-09 18:54:51,382 - INFO - Column 'safra' successfully converted to type 'string'.

2025-01-09 18:54:51,442 - INFO - --- Analyzing transactions.parquet DataFrame ---

2025-01-09 18:54:51,442 - INFO - Displaying first 10 rows of the DataFrame:

2025-01-09 18:54:53,191 - INFO - +----+----------------------------------------------+---------------------+---------------------+-------------------+----------------------+-----------------+---------------------+--------------------------+-------------+---------+
|    | msno                                         |   payment_method_id |   payment_plan_days |   plan_list_price |   actual_amount_paid |   is_auto_renew | transaction_date    | membership_expire_date   |   is_cancel |   safra |
+====+==============================================+=====================+=====================+===================+======================+=================+=====================+==========================+=============+=========+
|  0 | +++IZseRRiQS9aaSkH6cMYU6bGDcxUieAi/tH67sC5s= |                  38 |                 410 |              1788 |                 1788 |               0 | 2015-11-21 00:00:00 | 2017-01-04 00:00:00      |           0 |  201511 |
+----+----------------------------------------------+---------------------+---------------------+-------------------+----------------------+-----------------+---------------------+--------------------------+-------------+---------+
|  1 | +++snpr7pmobhLKUgSHTv/mpkqgBT0tQJ0zQj6qKrqc= |                  41 |                  30 |               149 |                  149 |               1 | 2015-05-26 00:00:00 | 2015-06-26 00:00:00      |           0 |  201505 |
+----+----------------------------------------------+---------------------+---------------------+-------------------+----------------------+-----------------+---------------------+--------------------------+-------------+---------+
|  2 | +++snpr7pmobhLKUgSHTv/mpkqgBT0tQJ0zQj6qKrqc= |                  41 |                  30 |               149 |                  149 |               1 | 2015-09-26 00:00:00 | 2015-10-26 00:00:00      |           0 |  201509 |
+----+----------------------------------------------+---------------------+---------------------+-------------------+----------------------+-----------------+---------------------+--------------------------+-------------+---------+
|  3 | ++/9R3sX37CjxbY/AaGvbwr3QkwElKBCtSvVzhCBDOk= |                  41 |                  30 |               149 |                  149 |               1 | 2016-06-15 00:00:00 | 2016-07-15 00:00:00      |           0 |  201606 |
+----+----------------------------------------------+---------------------+---------------------+-------------------+----------------------+-----------------+---------------------+--------------------------+-------------+---------+
|  4 | ++/Gw1B9K+XOlB3hLTloeUK2QlCa2m+BJ8TrzGf7djI= |                  40 |                  31 |               149 |                  149 |               1 | 2015-01-13 00:00:00 | 2015-02-16 00:00:00      |           0 |  201501 |
+----+----------------------------------------------+---------------------+---------------------+-------------------+----------------------+-----------------+---------------------+--------------------------+-------------+---------+
|  5 | ++0nOC7BmrUTtcSboRORfg6ZXTajnBDt1f/SEgH6ONo= |                  16 |                  30 |               149 |                  149 |               1 | 2015-10-12 00:00:00 | 2015-11-11 00:00:00      |           0 |  201510 |
+----+----------------------------------------------+---------------------+---------------------+-------------------+----------------------+-----------------+---------------------+--------------------------+-------------+---------+
|  6 | ++0t0Uy2D3r1pRVxg28G3r3l5PfhFlCPMGElwHqbYL8= |                  35 |                   7 |                 0 |                    0 |               0 | 2015-06-14 00:00:00 | 2015-06-15 00:00:00      |           0 |  201506 |
+----+----------------------------------------------+---------------------+---------------------+-------------------+----------------------+-----------------+---------------------+--------------------------+-------------+---------+
|  7 | ++1eOqCPRmzyBjMGvAJEaurjI1AFz4Mify6fk2eecbY= |                  35 |                   7 |                 0 |                    0 |               0 | 2016-11-01 00:00:00 | 2016-11-08 00:00:00      |           0 |  201611 |
+----+----------------------------------------------+---------------------+---------------------+-------------------+----------------------+-----------------+---------------------+--------------------------+-------------+---------+
|  8 | ++2wdWRV3Thy9HZyRJtKxlNsa55oDiDc7arR1guiypc= |                  41 |                  30 |               149 |                    0 |               1 | 2015-10-08 00:00:00 | 2015-10-15 00:00:00      |           1 |  201510 |
+----+----------------------------------------------+---------------------+---------------------+-------------------+----------------------+-----------------+---------------------+--------------------------+-------------+---------+
|  9 | ++3A6JMzYJeron30GTcDostfXoAl8rTBuB2M8GeVdNU= |                  41 |                  30 |               149 |                  119 |               1 | 2015-06-11 00:00:00 | 2015-07-11 00:00:00      |           0 |  201506 |
+----+----------------------------------------------+---------------------+---------------------+-------------------+----------------------+-----------------+---------------------+--------------------------+-------------+---------+

2025-01-09 18:54:53,191 - INFO - Data types of columns in transactions.parquet:

2025-01-09 18:54:53,196 - INFO - msno                      string[pyarrow]
payment_method_id         string[pyarrow]
payment_plan_days                   int16
plan_list_price                     int16
actual_amount_paid                  int16
is_auto_renew                       int16
transaction_date           datetime64[ns]
membership_expire_date     datetime64[ns]
is_cancel                           int16
safra                     string[pyarrow]
dtype: object

2025-01-09 18:54:53,199 - INFO - Summary statistics for numeric columns: ['payment_plan_days', 'plan_list_price', 'actual_amount_paid', 'is_auto_renew', 'is_cancel']

2025-01-09 18:55:06,724 - INFO - +-------+---------------------+-------------------+----------------------+-----------------+-------------+
|       |   payment_plan_days |   plan_list_price |   actual_amount_paid |   is_auto_renew |   is_cancel |
+=======+=====================+===================+======================+=================+=============+
| count |         2.07122e+07 |       2.07122e+07 |          2.07122e+07 |     2.07122e+07 | 2.07122e+07 |
+-------+---------------------+-------------------+----------------------+-----------------+-------------+
| mean  |        31.429       |     140.241       |        142.835       |     0.854383    | 0.0328769   |
+-------+---------------------+-------------------+----------------------+-----------------+-------------+
| std   |        30.5598      |     132.277       |        133.609       |     0.352722    | 0.178314    |
+-------+---------------------+-------------------+----------------------+-----------------+-------------+
| min   |         0           |       0           |          0           |     0           | 0           |
+-------+---------------------+-------------------+----------------------+-----------------+-------------+
| 25%   |        30           |      99           |         99           |     1           | 0           |
+-------+---------------------+-------------------+----------------------+-----------------+-------------+
| 50%   |        30           |     149           |        149           |     1           | 0           |
+-------+---------------------+-------------------+----------------------+-----------------+-------------+
| 75%   |        30           |     149           |        149           |     1           | 0           |
+-------+---------------------+-------------------+----------------------+-----------------+-------------+
| max   |       450           |    2000           |       2000           |     1           | 1           |
+-------+---------------------+-------------------+----------------------+-----------------+-------------+

2025-01-09 18:55:06,726 - INFO - Missing values and their proportions per column:

2025-01-09 18:55:41,154 - INFO - +------------------------+-----------------+--------------------------+
|                        |   Missing Count |   Missing Percentage (%) |
+========================+=================+==========================+
| msno                   |               0 |                        0 |
+------------------------+-----------------+--------------------------+
| payment_method_id      |               0 |                        0 |
+------------------------+-----------------+--------------------------+
| payment_plan_days      |               0 |                        0 |
+------------------------+-----------------+--------------------------+
| plan_list_price        |               0 |                        0 |
+------------------------+-----------------+--------------------------+
| actual_amount_paid     |               0 |                        0 |
+------------------------+-----------------+--------------------------+
| is_auto_renew          |               0 |                        0 |
+------------------------+-----------------+--------------------------+
| transaction_date       |               0 |                        0 |
+------------------------+-----------------+--------------------------+
| membership_expire_date |               0 |                        0 |
+------------------------+-----------------+--------------------------+
| is_cancel              |               0 |                        0 |
+------------------------+-----------------+--------------------------+
| safra                  |               0 |                        0 |
+------------------------+-----------------+--------------------------+

2025-01-09 18:55:41,168 - INFO - Reading user_logs.parquet

2025-01-09 18:55:41,169 - INFO - ______________________________________________________________________________________________________________________________________________________
Reading file: c:\Users\Lucas\OneDrive\case data master\data\raw\user_logs.parquet

2025-01-09 18:55:41,261 - INFO - Time spent on Reading c:\Users\Lucas\OneDrive\case data master\data\raw\user_logs.parquet: 0.09 seconds

2025-01-09 18:55:41,263 - INFO - The column 'msno' is already the type 'string'.

2025-01-09 18:55:41,264 - INFO - Converting column 'safra' from type int32 to 'string'.

2025-01-09 18:55:41,268 - INFO - Column 'safra' successfully converted to type 'string'.

2025-01-09 18:55:41,269 - INFO - The column 'num_25' is already the type 'float64'.

2025-01-09 18:55:41,269 - INFO - The column 'num_50' is already the type 'float64'.

2025-01-09 18:55:41,269 - INFO - The column 'num_75' is already the type 'float64'.

2025-01-09 18:55:41,269 - INFO - The column 'num_985' is already the type 'float64'.

2025-01-09 18:55:41,269 - INFO - The column 'num_100' is already the type 'float64'.

2025-01-09 18:55:41,269 - INFO - The column 'num_unq' is already the type 'float64'.

2025-01-09 18:55:41,269 - INFO - The column 'total_secs' is already the type 'float64'.

2025-01-09 18:55:41,329 - INFO - --- Analyzing user_logs.parquet DataFrame ---

2025-01-09 18:55:41,329 - INFO - Displaying first 10 rows of the DataFrame:

2025-01-09 18:55:42,381 - INFO - +----+----------------------------------------------+---------+----------+----------+----------+-----------+-----------+-----------+--------------+
|    | msno                                         |   safra |   num_25 |   num_50 |   num_75 |   num_985 |   num_100 |   num_unq |   total_secs |
+====+==============================================+=========+==========+==========+==========+===========+===========+===========+==============+
|  0 | SwlrSivYHoKF9V5wm1YYYAnjHpd9y3OPjI9rDUhGJ3k= |  201701 |      121 |       28 |       14 |        29 |       704 |       827 |     184607   |
+----+----------------------------------------------+---------+----------+----------+----------+-----------+-----------+-----------+--------------+
|  1 | rE5wSmHEF1Dhu55zhkiGB1HvotdlSHcIMGXv6VcqO2A= |  201605 |       26 |        2 |        5 |         6 |       462 |       256 |     119439   |
+----+----------------------------------------------+---------+----------+----------+----------+-----------+-----------+-----------+--------------+
|  2 | hx+cyaQ/Jcdr/Z5foa/Cn0PXUzC/F7QO/NQvWQS1Qtc= |  201611 |      161 |       71 |       49 |        34 |       668 |       891 |     204791   |
+----+----------------------------------------------+---------+----------+----------+----------+-----------+-----------+-----------+--------------+
|  3 | 53QW6B70J23X2UCvxaaUppjyE0b6X9nzP79W4huZv+Q= |  201502 |       37 |        9 |        3 |         9 |       408 |       447 |     101186   |
+----+----------------------------------------------+---------+----------+----------+----------+-----------+-----------+-----------+--------------+
|  4 | /0S1N/oRyxGLZlzxnW5rOjfo0ZAls9EH23ahuDNuqz8= |  201506 |      205 |       49 |       23 |        21 |       225 |       489 |      69957.5 |
+----+----------------------------------------------+---------+----------+----------+----------+-----------+-----------+-----------+--------------+
|  5 | qB/zteXKaOk3hzFCoIUD6wrTp57hnreDX4Vvon25MfM= |  201509 |       52 |       10 |       10 |        20 |       308 |       264 |      81703.9 |
+----+----------------------------------------------+---------+----------+----------+----------+-----------+-----------+-----------+--------------+
|  6 | 7btpXOqzA1ggOggSW81L05zDYyDjO7dXgmwZVzYmI2Q= |  201610 |      159 |       53 |       30 |        43 |      1075 |       881 |     305354   |
+----+----------------------------------------------+---------+----------+----------+----------+-----------+-----------+-----------+--------------+
|  7 | kgEhriAqTydVKQ1xn+ZzKQzf4sQ1aod5zcEg5ksyWrE= |  201609 |       88 |       13 |       14 |        13 |       588 |       325 |     159512   |
+----+----------------------------------------------+---------+----------+----------+----------+-----------+-----------+-----------+--------------+
|  8 | 8uQ6M7OzdWsuzo0BRZ6siIPZfBoG43bRvlm+My36B6k= |  201509 |       62 |       27 |       15 |         6 |      1389 |      1427 |     324691   |
+----+----------------------------------------------+---------+----------+----------+----------+-----------+-----------+-----------+--------------+
|  9 | T2gUhlBhFMoSFA9jFI/BkuyE/EPA6oneabYQiGBy9wU= |  201702 |       36 |       23 |        5 |         9 |       216 |       241 |      56296.3 |
+----+----------------------------------------------+---------+----------+----------+----------+-----------+-----------+-----------+--------------+

2025-01-09 18:55:42,383 - INFO - Data types of columns in user_logs.parquet:

2025-01-09 18:55:42,386 - INFO - msno          string[pyarrow]
safra         string[pyarrow]
num_25                float64
num_50                float64
num_75                float64
num_985               float64
num_100               float64
num_unq               float64
total_secs            float64
dtype: object

2025-01-09 18:55:42,389 - INFO - Summary statistics for numeric columns: ['num_25', 'num_50', 'num_75', 'num_985', 'num_100', 'num_unq', 'total_secs']

2025-01-09 18:55:54,453 - INFO - +-------+-----------------+---------------+---------------+----------------+-----------------+----------------+------------------+
|       |          num_25 |        num_50 |        num_75 |        num_985 |         num_100 |        num_unq |       total_secs |
+=======+=================+===============+===============+================+=================+================+==================+
| count |      2.6759e+07 |    2.6759e+07 |    2.6759e+07 |     2.6759e+07 |      2.6759e+07 |     2.6759e+07 |      2.6759e+07  |
+-------+-----------------+---------------+---------------+----------------+-----------------+----------------+------------------+
| mean  |     95.426      |   24.0357     |   14.9035     |    16.5387     |    450.16       |   440.919      |     -2.11717e+13 |
+-------+-----------------+---------------+---------------+----------------+-----------------+----------------+------------------+
| std   |    175.288      |   39.1255     |   22.6267     |    37.4092     |    725.314      |   590.606      |      6.83904e+14 |
+-------+-----------------+---------------+---------------+----------------+-----------------+----------------+------------------+
| min   |      0          |    0          |    0          |     0          |      0          |     1          |     -2.39808e+17 |
+-------+-----------------+---------------+---------------+----------------+-----------------+----------------+------------------+
| 25%   |      9          |    3          |    2          |     1          |     37          |    51          |  11174.2         |
+-------+-----------------+---------------+---------------+----------------+-----------------+----------------+------------------+
| 50%   |     40          |   11          |    7          |     7          |    213          |   241          |  58868.6         |
+-------+-----------------+---------------+---------------+----------------+-----------------+----------------+------------------+
| 75%   |    114          |   30          |   20          |    20          |    566          |   603          | 152769           |
+-------+-----------------+---------------+---------------+----------------+-----------------+----------------+------------------+
| max   | 111864          | 8875          | 3485          | 37698          | 196741          | 32706          |      9.22337e+15 |
+-------+-----------------+---------------+---------------+----------------+-----------------+----------------+------------------+

2025-01-09 18:55:54,466 - INFO - Missing values and their proportions per column:

2025-01-09 18:56:45,097 - INFO - +------------+-----------------+--------------------------+
|            |   Missing Count |   Missing Percentage (%) |
+============+=================+==========================+
| msno       |               0 |                        0 |
+------------+-----------------+--------------------------+
| safra      |               0 |                        0 |
+------------+-----------------+--------------------------+
| num_25     |               0 |                        0 |
+------------+-----------------+--------------------------+
| num_50     |               0 |                        0 |
+------------+-----------------+--------------------------+
| num_75     |               0 |                        0 |
+------------+-----------------+--------------------------+
| num_985    |               0 |                        0 |
+------------+-----------------+--------------------------+
| num_100    |               0 |                        0 |
+------------+-----------------+--------------------------+
| num_unq    |               0 |                        0 |
+------------+-----------------+--------------------------+
| total_secs |               0 |                        0 |
+------------+-----------------+--------------------------+

